core/build/outputs/mapping/debug/seeds.txt
work.sample.core.R
work.sample.core.R: R()