core/build/outputs/mapping/debug/usage.txt
work.sample.core.BaseActivity
work.sample.core.BaseFragment
work.sample.core.BuildConfig
work.sample.core.DataState$Empty
work.sample.core.DataState$Error
work.sample.core.DataState$Loading
work.sample.core.DataState$Success
work.sample.core.DataState
work.sample.core.DataStateKt
work.sample.core.ViewModelFactory
work.sample.core.ViewModelFactory_Factory
work.sample.core.mvi.Action
work.sample.core.mvi.Middleware$doRequest$2
work.sample.core.mvi.Middleware
work.sample.core.mvi.MviView
work.sample.core.mvi.News
work.sample.core.mvi.Reducer$DefaultImpls
work.sample.core.mvi.Reducer
work.sample.core.mvi.State
work.sample.core.mvi.Store
work.sample.core.mvi.Store_Factory$InstanceHolder
work.sample.core.mvi.Store_Factory